Arguments: 
  /home/oem/.asdf/installs/nodejs/18.15.0/bin/node /home/oem/.asdf/installs/nodejs/18.15.0/bin/yarn add trix

PATH: 
  /home/oem/.asdf/plugins/nodejs/shims:/home/oem/.asdf/installs/nodejs/18.15.0/bin:/home/oem/.rvm/gems/ruby-3.2.2/bin:/home/oem/.rvm/gems/ruby-3.2.2@global/bin:/home/oem/.rvm/rubies/ruby-3.2.2/bin:/home/oem/.rvm/bin:/home/oem/.asdf/shims:/home/oem/.asdf/bin:/usr/local/sbin:/usr/local/bin:/usr/sbin:/usr/bin:/sbin:/bin:/usr/games:/usr/local/games:/snap/bin

Yarn version: 
  1.22.19

Node version: 
  18.15.0

Platform: 
  linux x64

Trace: 
  Error: connect EHOSTUNREACH 2606:4700::6810:1b22:443
      at TCPConnectWrap.afterConnect [as oncomplete] (node:net:1494:16)

npm manifest: 
  {
    "name": "app",
    "private": "true",
    "dependencies": {
      "@fortawesome/fontawesome-free": "^6.4.2",
      "@hotwired/stimulus": "^3.2.2",
      "@hotwired/turbo-rails": "^7.3.0",
      "@popperjs/core": "^2.11.8",
      "@rails/request.js": "^0.0.8",
      "autoprefixer": "^10.4.15",
      "bootstrap": "^5.3.1",
      "bootstrap-icons": "^1.10.5",
      "esbuild": "^0.19.2",
      "jquery": "^3.7.1",
      "jquery-ui": "^1.13.2",
      "nodemon": "^3.0.1",
      "postcss": "^8.4.27",
      "postcss-cli": "^10.1.0",
      "sass": "^1.65.1",
      "sortablejs": "^1.15.0",
      "stimulus-sortable": "^4.1.1"
    },
    "scripts": {
      "build": "esbuild app/javascript/*.* --bundle --sourcemap --outdir=app/assets/builds --public-path=/assets",
      "build:css:compile": "sass ./app/assets/stylesheets/application.bootstrap.scss:./app/assets/builds/application.css --no-source-map --load-path=node_modules",
      "build:css:prefix": "postcss ./app/assets/builds/application.css --use=autoprefixer --output=./app/assets/builds/application.css",
      "build:css": "yarn build:css:compile && yarn build:css:prefix",
      "watch:css": "nodemon --watch ./app/assets/stylesheets/ --ext scss --exec \"yarn build:css\""
    },
    "browserslist": [
      "defaults"
    ]
  }

yarn manifest: 
  No manifest

Lockfile: 
  No lockfile
